<?xml version="1.0" encoding="UTF-8"?>
<!-- Generated by org.testng.reporters.JUnitXMLReporter -->
<testsuite ignored="0" hostname="SAYAN-PC" failures="1" tests="1" name="API Tests" time="1.32" errors="0" timestamp="2025-11-28T00:05:16 UTC">
  <testcase classname="api.OrderApiTest" name="testPlaceOrderAndDbValidation" time="1.014">
    <failure type="org.postgresql.util.PSQLException" message="ERROR: duplicate key value violates unique constraint &amp;quot;orders_order_id_key&amp;quot;
  Detail: Key (order_id)=(ORD-{{now format=&amp;apos;yyyyMMddHHmmss&amp;apos;}}) already exists.">
      <![CDATA[org.postgresql.util.PSQLException: ERROR: duplicate key value violates unique constraint "orders_order_id_key"
  Detail: Key (order_id)=(ORD-{{now format='yyyyMMddHHmmss'}}) already exists.
at org.postgresql.core.v3.QueryExecutorImpl.receiveErrorResponse(QueryExecutorImpl.java:2676)
at org.postgresql.core.v3.QueryExecutorImpl.processResults(QueryExecutorImpl.java:2366)
at org.postgresql.core.v3.QueryExecutorImpl.execute(QueryExecutorImpl.java:356)
at org.postgresql.jdbc.PgStatement.executeInternal(PgStatement.java:496)
at org.postgresql.jdbc.PgStatement.execute(PgStatement.java:413)
at org.postgresql.jdbc.PgPreparedStatement.executeWithFlags(PgPreparedStatement.java:190)
at org.postgresql.jdbc.PgPreparedStatement.executeUpdate(PgPreparedStatement.java:152)
at api.OrderApiTest.testPlaceOrderAndDbValidation(OrderApiTest.java:45)
at java.base/java.util.ArrayList.forEach(ArrayList.java:1511)
at java.base/java.util.concurrent.FutureTask.run(FutureTask.java:264)
at java.base/java.util.concurrent.ThreadPoolExecutor.runWorker(ThreadPoolExecutor.java:1136)
at java.base/java.util.concurrent.ThreadPoolExecutor$Worker.run(ThreadPoolExecutor.java:635)
at java.base/java.lang.Thread.run(Thread.java:840)
... Removed 17 stack frames]]>
    </failure>
  </testcase> <!-- testPlaceOrderAndDbValidation -->
</testsuite> <!-- API Tests -->
