<?xml version="1.0" encoding="UTF-8"?>
<testng-results ignored="0" total="2" passed="1" failed="1" skipped="0">
  <reporter-output>
  </reporter-output>
  <suite started-at="2025-11-28T00:05:15 UTC" name="CMOrderSuite" finished-at="2025-11-28T00:05:17 UTC" duration-ms="2799">
    <groups>
    </groups>
    <test started-at="2025-11-28T00:05:15 UTC" name="API Tests" finished-at="2025-11-28T00:05:16 UTC" duration-ms="1320">
      <class name="api.OrderApiTest">
        <test-method is-config="true" signature="setup()[pri:0, instance:api.OrderApiTest@1e0b4072]" started-at="2025-11-28T00:05:15 UTC" name="setup" finished-at="2025-11-28T00:05:15 UTC" duration-ms="238" status="PASS">
          <reporter-output>
          </reporter-output>
        </test-method> <!-- setup -->
        <test-method signature="testPlaceOrderAndDbValidation()[pri:0, instance:api.OrderApiTest@1e0b4072]" started-at="2025-11-28T00:05:15 UTC" name="testPlaceOrderAndDbValidation" finished-at="2025-11-28T00:05:16 UTC" duration-ms="1014" status="FAIL">
          <exception class="org.postgresql.util.PSQLException">
            <message>
              <![CDATA[ERROR: duplicate key value violates unique constraint "orders_order_id_key"
  Detail: Key (order_id)=(ORD-{{now format='yyyyMMddHHmmss'}}) already exists.]]>
            </message>
            <full-stacktrace>
              <![CDATA[org.postgresql.util.PSQLException: ERROR: duplicate key value violates unique constraint "orders_order_id_key"
  Detail: Key (order_id)=(ORD-{{now format='yyyyMMddHHmmss'}}) already exists.
at org.postgresql.core.v3.QueryExecutorImpl.receiveErrorResponse(QueryExecutorImpl.java:2676)
at org.postgresql.core.v3.QueryExecutorImpl.processResults(QueryExecutorImpl.java:2366)
at org.postgresql.core.v3.QueryExecutorImpl.execute(QueryExecutorImpl.java:356)
at org.postgresql.jdbc.PgStatement.executeInternal(PgStatement.java:496)
at org.postgresql.jdbc.PgStatement.execute(PgStatement.java:413)
at org.postgresql.jdbc.PgPreparedStatement.executeWithFlags(PgPreparedStatement.java:190)
at org.postgresql.jdbc.PgPreparedStatement.executeUpdate(PgPreparedStatement.java:152)
at api.OrderApiTest.testPlaceOrderAndDbValidation(OrderApiTest.java:45)
at java.base/jdk.internal.reflect.NativeMethodAccessorImpl.invoke0(Native Method)
at java.base/jdk.internal.reflect.NativeMethodAccessorImpl.invoke(NativeMethodAccessorImpl.java:77)
at java.base/jdk.internal.reflect.DelegatingMethodAccessorImpl.invoke(DelegatingMethodAccessorImpl.java:43)
at java.base/java.lang.reflect.Method.invoke(Method.java:569)
at org.testng.internal.invokers.MethodInvocationHelper.invokeMethod(MethodInvocationHelper.java:139)
at org.testng.internal.invokers.TestInvoker.invokeMethod(TestInvoker.java:664)
at org.testng.internal.invokers.TestInvoker.invokeTestMethod(TestInvoker.java:227)
at org.testng.internal.invokers.MethodRunner.runInSequence(MethodRunner.java:50)
at org.testng.internal.invokers.TestInvoker$MethodInvocationAgent.invoke(TestInvoker.java:957)
at org.testng.internal.invokers.TestInvoker.invokeTestMethods(TestInvoker.java:200)
at org.testng.internal.invokers.TestMethodWorker.invokeTestMethods(TestMethodWorker.java:148)
at org.testng.internal.invokers.TestMethodWorker.run(TestMethodWorker.java:128)
at java.base/java.util.ArrayList.forEach(ArrayList.java:1511)
at org.testng.TestRunner.privateRun(TestRunner.java:848)
at org.testng.TestRunner.run(TestRunner.java:621)
at org.testng.SuiteRunner.runTest(SuiteRunner.java:443)
at org.testng.SuiteRunner$SuiteWorker.run(SuiteRunner.java:481)
at org.testng.internal.thread.ThreadUtil.lambda$execute$0(ThreadUtil.java:58)
at java.base/java.util.concurrent.FutureTask.run(FutureTask.java:264)
at java.base/java.util.concurrent.ThreadPoolExecutor.runWorker(ThreadPoolExecutor.java:1136)
at java.base/java.util.concurrent.ThreadPoolExecutor$Worker.run(ThreadPoolExecutor.java:635)
at java.base/java.lang.Thread.run(Thread.java:840)
]]>
            </full-stacktrace>
          </exception> <!-- org.postgresql.util.PSQLException -->
          <reporter-output>
          </reporter-output>
        </test-method> <!-- testPlaceOrderAndDbValidation -->
      </class> <!-- api.OrderApiTest -->
    </test> <!-- API Tests -->
    <test started-at="2025-11-28T00:05:15 UTC" name="UI Tests" finished-at="2025-11-28T00:05:17 UTC" duration-ms="2799">
      <class name="ui.PlaceOrderUiTest">
        <test-method is-config="true" signature="beforeClass()[pri:0, instance:ui.PlaceOrderUiTest@793f29ff]" started-at="2025-11-28T00:05:15 UTC" name="beforeClass" finished-at="2025-11-28T00:05:15 UTC" duration-ms="10" status="PASS">
          <reporter-output>
          </reporter-output>
        </test-method> <!-- beforeClass -->
        <test-method is-config="true" signature="setUp()[pri:0, instance:ui.PlaceOrderUiTest@793f29ff]" started-at="2025-11-28T00:05:15 UTC" name="setUp" finished-at="2025-11-28T00:05:16 UTC" duration-ms="1382" status="PASS">
          <reporter-output>
          </reporter-output>
        </test-method> <!-- setUp -->
        <test-method signature="placeOrderUi()[pri:0, instance:ui.PlaceOrderUiTest@793f29ff]" started-at="2025-11-28T00:05:16 UTC" name="placeOrderUi" finished-at="2025-11-28T00:05:17 UTC" duration-ms="1274" status="PASS">
          <reporter-output>
          </reporter-output>
        </test-method> <!-- placeOrderUi -->
        <test-method is-config="true" signature="tearDown()[pri:0, instance:ui.PlaceOrderUiTest@793f29ff]" started-at="2025-11-28T00:05:17 UTC" name="tearDown" finished-at="2025-11-28T00:05:17 UTC" duration-ms="103" status="PASS">
          <reporter-output>
          </reporter-output>
        </test-method> <!-- tearDown -->
      </class> <!-- ui.PlaceOrderUiTest -->
    </test> <!-- UI Tests -->
  </suite> <!-- CMOrderSuite -->
</testng-results>
