<?xml version="1.0" encoding="UTF-8"?>
<testng-results ignored="0" total="1" passed="1" failed="0" skipped="0">
  <reporter-output>
  </reporter-output>
  <suite started-at="2025-11-28T01:54:15 UTC" name="CMOrderSuite" finished-at="2025-11-28T01:54:16 UTC" duration-ms="1283">
    <groups>
    </groups>
    <test started-at="2025-11-28T01:54:15 UTC" name="API Tests" finished-at="2025-11-28T01:54:16 UTC" duration-ms="1283">
      <class name="api.OrderApiTest">
        <test-method is-config="true" signature="setup()[pri:0, instance:api.OrderApiTest@41a0aa7d]" started-at="2025-11-28T01:54:15 UTC" name="setup" finished-at="2025-11-28T01:54:16 UTC" duration-ms="712" status="PASS">
          <reporter-output>
          </reporter-output>
        </test-method> <!-- setup -->
        <test-method signature="testPlaceOrderAndDbValidation()[pri:0, instance:api.OrderApiTest@41a0aa7d]" started-at="2025-11-28T01:54:16 UTC" name="testPlaceOrderAndDbValidation" finished-at="2025-11-28T01:54:16 UTC" duration-ms="519" status="PASS">
          <reporter-output>
          </reporter-output>
        </test-method> <!-- testPlaceOrderAndDbValidation -->
      </class> <!-- api.OrderApiTest -->
    </test> <!-- API Tests -->
  </suite> <!-- CMOrderSuite -->
</testng-results>
